[www.antattoo.net/index.html]
[backblue.gif]
[fade.gif]
[index.html]
[assets-global.website-files.com/647127feeb26aa9e174fc3c0/css/an-tattoo.webflow.fc7207c74.css]
[ajax.googleapis.com/ajax/libs/webfont/1.6.26/webfont.js]
[assets-global.website-files.com/647127feeb26aa9e174fc3c0/649522f3a90142e27e0685d4_Logo Evil Fav.png]
[assets-global.website-files.com/647127feeb26aa9e174fc3c0/649522f8ed585987155ffe69_Logo Evil webclip.png]
[www.google.com/recaptcha/api.js]
[assets-global.website-files.com/647127feeb26aa9e174fc3c0/647409f5453365df389453f3_Logo Evil.png]
[www.antattoo.net/the-artists.html]
[www.antattoo.net/contact-1.html]
[assets-global.website-files.com/647127feeb26aa9e174fc3c0/647409f489a246e55e41be7b_Logo White.png]
[assets-global.website-files.com/647127feeb26aa9e174fc3c0/6474155a2a3cf262731a2cfe_ALQPhoto-0770.webp]
[assets-global.website-files.com/647127feeb26aa9e174fc3c0/64950548227b3b839f3eb8a7_antattoo site-6796.jpg]
[assets-global.website-files.com/647127feeb26aa9e174fc3c0/649512c2ed585987154f3d02_antattoo site-7021.webp]
[assets-global.website-files.com/62434fa732124a0fb112aab4/62434fa732124ac15112aad5_twitter small.svg]
[d3e54v103j8qbb.cloudfront.net/js/jquery-3.5.1.min.dc5e7f18c899cc.js]
[assets-global.website-files.com/647127feeb26aa9e174fc3c0/js/webflow.16981ae8d.js]
[www.antattoo.net/index.html]
[cdn.jsdelivr.net/gh/studio-freight/lenis@0.2.28/bundled/lenis.js]
[assets-global.website-files.com/647127feeb26aa9e174fc3c0/64b7823f4c7f046a3e3482e2_ANTATTOO re render -7260.jpg]
[assets-global.website-files.com/647127feeb26aa9e174fc3c0/64b782404c7f046a3e3483bf_ANTATTOO re render -0304.jpg]
[assets-global.website-files.com/647127feeb26aa9e174fc3c0/649e14e4a6cf1bdc7520429e_New An Tattoo Pic-0164-2.webp]
[assets-global.website-files.com/647127feeb26aa9e174fc3c0/64b78228ce357c104593c3ae_ANTATTOO re render -2.jpg]
[assets-global.website-files.com/647127feeb26aa9e174fc3c0/648ad0f1f8a7ff8e3e1d0450_antattoo site-2.webp]
[assets-global.website-files.com/647127feeb26aa9e174fc3c0/648ad74cc424132d4e15db04_Home Gradient.png]
[assets-global.website-files.com/647127feeb26aa9e174fc3c0/648ad66fc424132d4e14902b_Chiwon Homepage floater.png]
[assets-global.website-files.com/647127feeb26aa9e174fc3c0/648adb44eb905c3acb41face_Above gradient logo floater.png]
[assets-global.website-files.com/647127feeb26aa9e174fc3c0/64870518b7643a90c42620c7_ALQPhoto-7260.webp]
[assets-global.website-files.com/647127feeb26aa9e174fc3c0/64870519b7643a90c4262121_ALQPhoto-7413-2.jpg]
[assets-global.website-files.com/647127feeb26aa9e174fc3c0/648705185a318e627655d82e_ALQPhoto-7413.jpg]
[assets-global.website-files.com/647127feeb26aa9e174fc3c0/64870757618ad3f15bfa55b0_ALQPhoto-4595.jpg]
[assets-global.website-files.com/647127feeb26aa9e174fc3c0/6487051964b286f1d7ecdcc6_ALQPhoto-0304.webp]
[assets-global.website-files.com/647127feeb26aa9e174fc3c0/6490beb60c51f0513d89c7c9_Untitled-3.webp]
[assets-global.website-files.com/647127feeb26aa9e174fc3c0/6490c02b95392241cac1eb9b_Mastersfront.png]
[assets-global.website-files.com/647127feeb26aa9e174fc3c0/64925f119d9c38756508ceb6_MOC BG TALL.webp]
[assets-global.website-files.com/647127feeb26aa9e174fc3c0/6492622b7abed2b0fdabcae4_MOC float TALL2.png]
[assets-global.website-files.com/647127feeb26aa9e174fc3c0/64949a9bd63ee9b7d4940f4f_Artboard 1.webp]
[assets-global.website-files.com/647127feeb26aa9e174fc3c0/64949e1bafe5722c624a7576_antattoo site-00038.webp]
[d3e54v103j8qbb.cloudfront.net/img/background-image.svg]
[assets-global.website-files.com/647127feeb26aa9e174fc3c0/6495021ed6768aa41c9f7e01_Hyunjoo.png]
[assets-global.website-files.com/647127feeb26aa9e174fc3c0/64742ddbce2f02e8bd1c8aff_ALQPhoto-0730.webp]
[assets-global.website-files.com/647127feeb26aa9e174fc3c0/6494f5933a2d36f3d3fbbc7f_antattoo site-7021.webp]
[assets-global.website-files.com/647127feeb26aa9e174fc3c0/64992b36b73977d9d7b06de1_sunyul1.webp]
[assets-global.website-files.com/647127feeb26aa9e174fc3c0/64949a9bd63ee9b7d4940fb3_Artboard 1.png]
[assets-global.website-files.com/647127feeb26aa9e174fc3c0/649502e3099d0e8a9580b92e_lin.png]
[assets-global.website-files.com/647127feeb26aa9e174fc3c0/6495054311407d44a3df5e7b_antattoo site-6653.jpg]
[assets-global.website-files.com/647127feeb26aa9e174fc3c0/64d755543365e9c65948bbd0_Tattoo award-8741.jpg]
[assets-global.website-files.com/647127feeb26aa9e174fc3c0/6494c96abdfea23cf5a1d79c_cheif joseph1.webp]
[assets-global.website-files.com/647127feeb26aa9e174fc3c0/6494ce724ca280eef2c23761_sunglasses.webp]
[assets-global.website-files.com/647127feeb26aa9e174fc3c0/65e4fc7d91680f52c62262b9_derekkk.jpg]
[assets-global.website-files.com/647127feeb26aa9e174fc3c0/65e4fcfccf2bff820a198d73_asian realistic tattoo copy.jpg]
[assets-global.website-files.com/647127feeb26aa9e174fc3c0/65e4fdb57c7f3bffe7381d12_Sunyul.jpg]
[assets-global.website-files.com/647127feeb26aa9e174fc3c0/6494d19aea3a363a92e2d0ea_IMG_1157.webp]
[assets-global.website-files.com/647127feeb26aa9e174fc3c0/65e4fcc04e0c14d569bcf7c0_Chiwon 1.jpg]
[assets-global.website-files.com/647127feeb26aa9e174fc3c0/65e4fcddf0025a4ad19e7b93_asian style backpiece copy.jpg]
[assets-global.website-files.com/647127feeb26aa9e174fc3c0/6494ce756c5d51aaf7ce934b_peeing.webp]
[assets-global.website-files.com/647127feeb26aa9e174fc3c0/6494cee75f13fc6e72a7425b_E5342960-6D95-4ADC-B8AB-3CCDB5CBBDA6.webp]
[assets-global.website-files.com/647127feeb26aa9e174fc3c0/6494cb5b2e71cd2225dc6184_tiger backpiece.webp]
[assets-global.website-files.com/647127feeb26aa9e174fc3c0/65e4fd977c7f3bffe7380aca_tiger backpiece copy.jpg]
[assets-global.website-files.com/647127feeb26aa9e174fc3c0/6494cb262e71cd2225dc1340_head tattoo.webp]
[assets-global.website-files.com/647127feeb26aa9e174fc3c0/65e4fd3b7b72a8c7e9e6a968_Lindsey pergentile.jpg]
[assets-global.website-files.com/647127feeb26aa9e174fc3c0/65e503dd74b389712c44f8e5_IMG_8523.jpg]
[assets-global.website-files.com/647127feeb26aa9e174fc3c0/65e503a61d2663db41f5caef_IMG_3717 2.jpg]
[assets-global.website-files.com/647127feeb26aa9e174fc3c0/6494cb3b2e71cd2225dc340e_girl.webp]
[assets-global.website-files.com/647127feeb26aa9e174fc3c0/64992b35be624dae860d41e4_SE-733e7029-1121-4dbe-aad7-ffa5c61ad9c5.webp]
[assets-global.website-files.com/647127feeb26aa9e174fc3c0/65e52218518e652234188039_tibetianmasktattoo.jpg]
[assets-global.website-files.com/647127feeb26aa9e174fc3c0/6494d1989f14b6150d2090b4_IMG_0250-1.webp]
[assets-global.website-files.com/647127feeb26aa9e174fc3c0/65e4fd154e0c14d569bd46d6_Dan copy 4.jpg]
[assets-global.website-files.com/647127feeb26aa9e174fc3c0/65e52218b5ef17c52bebf357_IMG_6596.jpg]
[assets-global.website-files.com/647127feeb26aa9e174fc3c0/64870518b7643a90c426208e_ALQPhoto-0329.webp]
[assets-global.website-files.com/647127feeb26aa9e174fc3c0/64949e1bf7482a6308ead3b5_antattoo site-00042.jpg]
[assets-global.website-files.com/647127feeb26aa9e174fc3c0/649e12378147432a7d6b9130_New An Tattoo Pic-0164.webp]
[uploads-ssl.webflow.com/647127feeb26aa9e174fc3c0/6472988ebd1a3e1ac49ea156_MBF Royal.otf]
[uploads-ssl.webflow.com/647127feeb26aa9e174fc3c0/64729a9663040bdcf044129b_MBF Royal.ttf]
[uploads-ssl.webflow.com/647127feeb26aa9e174fc3c0/64729ac97727767dfb86cbfe_Raleway-Black.ttf]
[uploads-ssl.webflow.com/647127feeb26aa9e174fc3c0/64729ad4651cee234d693666_Raleway-Light.ttf]
[assets-global.website-files.com/647127feeb26aa9e174fc3c0/css/an-tattoo.webflow.fc7207c74.css]
[uploads-ssl.webflow.com/647127feeb26aa9e174fc3c0/64729ae0cafccad92662d4ea_Raleway-ExtraLight.ttf]
[www.antattoo.net/artists/lindsey-pergentile.html]
[www.antattoo.net/artists/chiwon-an.html]
[www.antattoo.net/artists/hyunjoo-cho.html]
[www.antattoo.net/artists/sunyul-irezumi.html]
[www.antattoo.net/the-artists.html]
[www.antattoo.net/contact-1.html]
[assets-global.website-files.com/647127feeb26aa9e174fc3c0/648d870af1237afd40c499d0_x (1).svg]
[cdn.jsdelivr.net/gh/videsigns/webflow-tools@latest/multi-step.js]
[assets-global.website-files.com/62434fa732124a0fb112aab4/62434fa732124ac15112aad5_twitter small.svg]
[assets-global.website-files.com/62434fa732124a0fb112aab4/62434fa732124a389912aad8_linkedin small.svg]
[assets-global.website-files.com/62434fa732124a0fb112aab4/62434fa732124a51bf12aae9_facebook small.svg]
[d3e54v103j8qbb.cloudfront.net/static/custom-checkbox-checkmark.589d534424.svg]
[d3e54v103j8qbb.cloudfront.net/img/background-image.svg]
[www.antattoo.net/artists/_https_/assets-global.website-files.com/6494932f10d97a8d81da5667/64a3b1b9a64f590530ab65c7_Artboard 1.57.delayed]
[www.antattoo.net/artists/_https_/assets-global.website-files.com/6494932f10d97a8d81da5667/64a3ab40697ab4e14b407c56_lin.png_]
[assets-global.website-files.com/647127feeb26aa9e174fc3c0/64a8d30d0460ecc653cde4f6_AdobeStock_579315513.png]
[www.antattoo.net/artists/_https_/assets-global.website-files.com/6494932f10d97a8d81da5667/64a3ab5aa25bdfc44786c082_antattoo site-6653.jpg_]
[assets-global.website-files.com/6494932f10d97a8d81da5667/64a3aba38529a87c8cc9c54f_erotictattooballgag.jpg]
[assets-global.website-files.com/6494932f10d97a8d81da5667/64a3aba4c91893dcbb0237f1_IMG_1345.jpg]
[assets-global.website-files.com/6494932f10d97a8d81da5667/64a3aba3697ab4e14b40d845_IMG_6044.jpg]
[assets-global.website-files.com/6494932f10d97a8d81da5667/64a3aba3b6e5e826ff7cc9f9_IMG_6596.jpg]
[assets-global.website-files.com/6494932f10d97a8d81da5667/64a3aba454e58a6201c0aa37_skeletonlegsleeve.jpg]
[assets-global.website-files.com/6494932f10d97a8d81da5667/64a3abbe37ef9a11b0b73a9e_dogtattoo.jpg]
[assets-global.website-files.com/6494932f10d97a8d81da5667/64a3abbe54e58a6201c0c741_erotictattoo.jpg]
[assets-global.website-files.com/6494932f10d97a8d81da5667/64a3abbef0df3bde45658705_foodogsleeve.jpg]
[assets-global.website-files.com/6494932f10d97a8d81da5667/64a3abbeb6e5e826ff7cdee0_frankensteintattoo.jpg]
[assets-global.website-files.com/6494932f10d97a8d81da5667/64a3abbe0b781c5fd2c5304e_freaytattooportrait.jpg]
[assets-global.website-files.com/6494932f10d97a8d81da5667/64a3abc0697ab4e14b40fb97_grampaportraittattoo.jpg]
[assets-global.website-files.com/6494932f10d97a8d81da5667/64a3abbed4c2d3a210e483d3_IMG_0240.jpg]
[assets-global.website-files.com/6494932f10d97a8d81da5667/64a3abbda25bdfc4478727a5_IMG_0250-1.jpg]
[assets-global.website-files.com/6494932f10d97a8d81da5667/64a3abbdd4c2d3a210e4839b_IMG_1134.jpg]
[assets-global.website-files.com/6494932f10d97a8d81da5667/64a3abbe37ef9a11b0b73858_IMG_1157.jpg]
[assets-global.website-files.com/6494932f10d97a8d81da5667/64a3abff54e58a6201c118f9_IMG_3389.jpg]
[assets-global.website-files.com/6494932f10d97a8d81da5667/64a3abfe14ae0c3c3dab290a_IMG_3610.jpg]
[assets-global.website-files.com/6494932f10d97a8d81da5667/64a3abfff2b9dad5132dd1c1_IMG_3854 copy.jpg]
[assets-global.website-files.com/6494932f10d97a8d81da5667/64a3abff697ab4e14b41371c_IMG_4544.jpg]
[assets-global.website-files.com/6494932f10d97a8d81da5667/64a3abfefb04147ed0fc784f_IMG_5640.jpg]
[assets-global.website-files.com/6494932f10d97a8d81da5667/64a3ac14fecf28d343b3a76d_IMG_8717.jpg]
[assets-global.website-files.com/6494932f10d97a8d81da5667/64a3ac1454e58a6201c139bf_IMG_8725.jpg]
[assets-global.website-files.com/6494932f10d97a8d81da5667/64a3ac14a25bdfc447877826_IMG_9081.jpg]
[assets-global.website-files.com/6494932f10d97a8d81da5667/64a3ac14484f798860be70a0_IMG_9101.jpg]
[assets-global.website-files.com/6494932f10d97a8d81da5667/64a3ac15f0df3bde4565db9f_IMG_9898.jpg]
[assets-global.website-files.com/6494932f10d97a8d81da5667/64a3ac2eac69920c344b3b88_antattoo site--2.jpg]
[assets-global.website-files.com/6494932f10d97a8d81da5667/64a3ac31f2b9dad5132dfd9c_antattoo site--3.jpg]
[assets-global.website-files.com/6494932f10d97a8d81da5667/64a3ac2ef0df3bde4565f54c_antattoo site--4.jpg]
[assets-global.website-files.com/6494932f10d97a8d81da5667/64a3ac2e20604eddfa96095a_antattoo site-.jpg]
[assets-global.website-files.com/6494932f10d97a8d81da5667/64a3ac2ea64f590530a58bf7_antattoo site-0981.jpg]
[assets-global.website-files.com/6494932f10d97a8d81da5667/64a3ac30484f798860beab28_antattoo site-0985.jpg]
[assets-global.website-files.com/6494932f10d97a8d81da5667/64a3ac2ed4c2d3a210e4eda6_asiangirltattoo.jpg]
[assets-global.website-files.com/6494932f10d97a8d81da5667/64a3ac31a25bdfc447879550_asparadancertattoo.jpg]
[assets-global.website-files.com/6494932f10d97a8d81da5667/64a3ac2eac69920c344b3b2c_chainlinkgirltattoo.jpg]
[assets-global.website-files.com/6494932f10d97a8d81da5667/64a3ac2eec74b78e83522896_dadportraittattoo.jpg]
[assets-global.website-files.com/6494932f10d97a8d81da5667/64a3ac2dcf1eb93fad52b00f_dogportrait.jpg]
[assets-global.website-files.com/6494932f10d97a8d81da5667/64a3ac86ec74b78e8352a2af_mentalhealthtattoo.png]
[assets-global.website-files.com/6494932f10d97a8d81da5667/64a3ac850426ec4151f2a1de_odintattoo.jpg]
[assets-global.website-files.com/6494932f10d97a8d81da5667/64a3ac85d4c2d3a210e54acd_pettattoo.jpg]
[assets-global.website-files.com/6494932f10d97a8d81da5667/64a3ac84c9f71e0de039ef4f_shadowgirltattoo.jpg]
[assets-global.website-files.com/6494932f10d97a8d81da5667/64a3ac85c91893dcbb03403e_smokinggirltattoo.jpg]
[assets-global.website-files.com/6494932f10d97a8d81da5667/64a3ac8414ae0c3c3daba591_tibetianmasktattoo.jpg]
[assets-global.website-files.com/6494932f10d97a8d81da5667/64a3ac8420604eddfa966973_warriorwomantattoo.jpg]
[assets-global.website-files.com/6494932f10d97a8d81da5667/64a3ac9ef0df3bde45665b20_IMG_6485.jpg]
[assets-global.website-files.com/6494932f10d97a8d81da5667/64a3ac9ea465ca8971a793c6_IMG_6508.jpg]
[assets-global.website-files.com/6494932f10d97a8d81da5667/64a3ac9defb4d356b659e16b_IMG_6593.jpg]
[assets-global.website-files.com/6494932f10d97a8d81da5667/64a3ac9ea25bdfc44787f860_IMG_7040.jpg]
[assets-global.website-files.com/6494932f10d97a8d81da5667/64a3ac9ea25bdfc44787f81d_IMG_7589.jpg]
[www.antattoo.net/artists/lindsey-pergentile.html]
[www.antattoo.net/artists/_https_/assets-global.website-files.com/6494932f10d97a8d81da5667/64a3ada3a465ca8971a8ab37_Artboard 1.8b.delayed]
[www.antattoo.net/artists/_https_/assets-global.website-files.com/6494932f10d97a8d81da5667/64a3adee588349ccc456843e_antattoo site-00038.jpg_]
[assets-global.website-files.com/6494932f10d97a8d81da5667/658cbcecdf8559929c781a39_backpiece.jpg]
[assets-global.website-files.com/6494932f10d97a8d81da5667/64a3b61bfb04147ed007edce_asian realistic tattoo.jpg]
[assets-global.website-files.com/6494932f10d97a8d81da5667/64a3b61ae20bb4386d89867a_asian style backpiece.jpg]
[assets-global.website-files.com/6494932f10d97a8d81da5667/64992894472681681840b244_tiger backpiece.jpg]
[assets-global.website-files.com/6494932f10d97a8d81da5667/64a3b61c6fd68fff589b1f1a_adam heaeld.jpg]
[assets-global.website-files.com/6494932f10d97a8d81da5667/649928932c6b5f54527ab87e_snake backpiece.jpg]
[assets-global.website-files.com/6494932f10d97a8d81da5667/64a3b6169ddc00ac65cc5f79_head tattoo.jpg]
[assets-global.website-files.com/6494932f10d97a8d81da5667/658cc3fb471c0712aaafedf4_IMG_9203.jpg]
[assets-global.website-files.com/6494932f10d97a8d81da5667/658cc3fa9cabe98e84529be6_IMG_9204.jpg]
[assets-global.website-files.com/6494932f10d97a8d81da5667/658cb76685d69593dd099257_IMG_9163.jpg]
[assets-global.website-files.com/6494932f10d97a8d81da5667/658cbfa0b64a613b41adabf1_IMG_8460.jpg]
[assets-global.website-files.com/6494932f10d97a8d81da5667/658cb7d7b046b09ac7bff85c_IMG_3716.jpg]
[assets-global.website-files.com/6494932f10d97a8d81da5667/658cbeea0f154eac674d0e21_IMG_2605.jpg]
[assets-global.website-files.com/6494932f10d97a8d81da5667/658cb81db96f1ef58b01a501_derekkk.jpg]
[assets-global.website-files.com/6494932f10d97a8d81da5667/658cb85568d7f0c765c761c8_IMG_8523.jpg]
[assets-global.website-files.com/6494932f10d97a8d81da5667/64a3b615fd3c8f9b273b6e2d_Dan copy 3.jpg]
[assets-global.website-files.com/6494932f10d97a8d81da5667/64a3b615fb04147ed007eae1_clown portrait.jpg]
[assets-global.website-files.com/6494932f10d97a8d81da5667/64992899e527dd82aba7169b_sleeve angel.jpg]
[assets-global.website-files.com/6494932f10d97a8d81da5667/64a3b61a8529a87c8cd40ef6_realistic portrait.jpg]
[assets-global.website-files.com/6494932f10d97a8d81da5667/64a3b615a25bdfc447929f1b_japanese.jpg]
[assets-global.website-files.com/6494932f10d97a8d81da5667/649928921b1c8ad365a3562c_ryanleg.jpg]
[assets-global.website-files.com/6494932f10d97a8d81da5667/658cbfff30cb8eb8a22250fb_IMG_6063.jpg]
[assets-global.website-files.com/6494932f10d97a8d81da5667/658cbffed9530ce1f43139ab_IMG_6066.jpg]
[assets-global.website-files.com/6494932f10d97a8d81da5667/64a3b61cc91893dcbb0d47c8_dark realistic tattoo.jpg]
[assets-global.website-files.com/6494932f10d97a8d81da5667/64a3b617a465ca8971b17308_ocean theme.jpg]
[assets-global.website-files.com/6494932f10d97a8d81da5667/658cc044bea03c76caf8edf3_IMG_6828.jpg]
[assets-global.website-files.com/6494932f10d97a8d81da5667/658cc0cc9962cdb683d582b0_IMG_8548.jpg]
[assets-global.website-files.com/6494932f10d97a8d81da5667/6499289447b733f867a0673e_realistic.jpg]
[assets-global.website-files.com/6494932f10d97a8d81da5667/64a3b6316fd68fff589b38a0_buffalo tattoo.jpg]
[assets-global.website-files.com/6494932f10d97a8d81da5667/658cc07c9962cdb683d538f8_IMG_6911.jpg]
[assets-global.website-files.com/6494932f10d97a8d81da5667/64a3b630fae4717ecc41b855_che Guevara.jpg]
[assets-global.website-files.com/6494932f10d97a8d81da5667/64a3b62a64cf461334e4468a_chris.jpg]
[assets-global.website-files.com/6494932f10d97a8d81da5667/64a3b62acbe3e6427c31116e_clown portraits.jpg]
[assets-global.website-files.com/6494932f10d97a8d81da5667/658cc108d9530ce1f432436f_IMG_9429.jpg]
[assets-global.website-files.com/6494932f10d97a8d81da5667/64992894039d19fef3851699_riley.jpg]
[assets-global.website-files.com/6494932f10d97a8d81da5667/658cc14817f5734340eee0e2_IMG_9133.jpg]
[assets-global.website-files.com/6494932f10d97a8d81da5667/658cbb183a4f3c6fca25adbe_IMG_5321.jpg]
[assets-global.website-files.com/6494932f10d97a8d81da5667/658cc1bb6a550d5c672d3fb8_IMG_7807.jpg]
[assets-global.website-files.com/6494932f10d97a8d81da5667/658cc21401629ea2d4c0e830_IMG_7945.jpg]
[assets-global.website-files.com/6494932f10d97a8d81da5667/658cb9eef5ac6d35503f2088_steveee.jpg]
[assets-global.website-files.com/6494932f10d97a8d81da5667/658cc2c2e684e2c86e8b3f1c_IMG_6964.jpg]
[assets-global.website-files.com/6494932f10d97a8d81da5667/658cc2c443ede1c83f1c5c58_IMG_6965.jpg]
[assets-global.website-files.com/6494932f10d97a8d81da5667/658cc20001629ea2d4c0d22b_IMG_9362.jpg]
[assets-global.website-files.com/6494932f10d97a8d81da5667/658cba2f2e484f7c28c111d3_IMG_8401.jpg]
[assets-global.website-files.com/6494932f10d97a8d81da5667/658cb9e45b413498654bc022_walker smith.jpg]
[assets-global.website-files.com/6494932f10d97a8d81da5667/64a3b6298529a87c8cd416a7_Curt Cobain.jpg]
[assets-global.website-files.com/6494932f10d97a8d81da5667/64a3b62db6e5e826ff87480b_Julien.jpg]
[assets-global.website-files.com/6494932f10d97a8d81da5667/64a3b62937ef9a11b0c1e3d6_Kevin Moody.jpg]
[assets-global.website-files.com/6494932f10d97a8d81da5667/658cba75713d98156abfeecc_boxing.jpg]
[assets-global.website-files.com/6494932f10d97a8d81da5667/658cc253471c0712aaaebc04_IMG_8609.jpg]
[assets-global.website-files.com/6494932f10d97a8d81da5667/658cc30ef7a8da84ad1a233a_IMG_9064.jpg]
[assets-global.website-files.com/6494932f10d97a8d81da5667/64a3b64537ef9a11b0c1f6ae_kids portrait.jpg]
[assets-global.website-files.com/6494932f10d97a8d81da5667/649928981b1c8ad365a3bf85_son's portrait.jpg]
[assets-global.website-files.com/6494932f10d97a8d81da5667/658cbb792e484f7c28c21716_IMG_9047.jpg]
[assets-global.website-files.com/6494932f10d97a8d81da5667/64a3b646ec74b78e835c9b30_Lindy.jpg]
[assets-global.website-files.com/6494932f10d97a8d81da5667/64a3b64664cf461334e45fb6_pet portraits.jpg]
[assets-global.website-files.com/6494932f10d97a8d81da5667/658cc369ec761007d54756be_IMG_7519.jpg]
[assets-global.website-files.com/6494932f10d97a8d81da5667/64a3b64ce20bb4386d89a65c_Morgan Lidkea.jpg]
[assets-global.website-files.com/6494932f10d97a8d81da5667/64a3b647fb04147ed008145f_MAtt.jpg]
[assets-global.website-files.com/6494932f10d97a8d81da5667/64a3b648a6ae0bad60dd7c55_Justin Vannoord.jpg]
[assets-global.website-files.com/6494932f10d97a8d81da5667/64a3b6470b781c5fd2cfbbe5_Adam callahan.jpg]
[assets-global.website-files.com/6494932f10d97a8d81da5667/64a3b645cbe3e6427c3122f1_morgan.jpg]
[assets-global.website-files.com/6494932f10d97a8d81da5667/64a3b648484f798860c939e6_Balinese.jpg]
[assets-global.website-files.com/6494932f10d97a8d81da5667/64a3b64c33f66ba0fa93e742_bo Back.jpg]
[assets-global.website-files.com/6494932f10d97a8d81da5667/64a3b64c588349ccc45ee9ba_Brady.jpg]
[assets-global.website-files.com/6494932f10d97a8d81da5667/64a3b64b2b9e08cde32badc8_brook warawa.jpg]
[assets-global.website-files.com/6494932f10d97a8d81da5667/64a3b64b64cf461334e46533_Grayson.jpg]
[assets-global.website-files.com/6494932f10d97a8d81da5667/64a3b64c14ae0c3c3db5ba9c_Jonny cashjpg.png]
[assets-global.website-files.com/6494932f10d97a8d81da5667/64a3b648f0df3bde45707303_michael.jpg]
[assets-global.website-files.com/6494932f10d97a8d81da5667/64a3b6499ddc00ac65cc8dd3_portrait.jpg]
[www.antattoo.net/artists/chiwon-an.html]
[www.antattoo.net/artists/_https_/assets-global.website-files.com/6494932f10d97a8d81da5667/64a3aa5e484f798860bbe426_Hyunjoo.d3.delayed]
[www.antattoo.net/artists/_https_/assets-global.website-files.com/6494932f10d97a8d81da5667/64a3aa510426ec4151f06188_antattoo site-7021.jpg_]
[assets-global.website-files.com/6494932f10d97a8d81da5667/658f8186bffa09ded2deca8a_IMG_9268.jpg]
[assets-global.website-files.com/6494932f10d97a8d81da5667/6590650af83536b7724bace7_IMG_5423.jpg]
[assets-global.website-files.com/6494932f10d97a8d81da5667/658f8187129400a37b172b0a_IMG_8912.jpg]
[assets-global.website-files.com/6494932f10d97a8d81da5667/658f8186debd81131fe5961f_IMG_9181.jpg]
[assets-global.website-files.com/6494932f10d97a8d81da5667/658f81867f2c217309b802cf_IMG_9425.jpg]
[assets-global.website-files.com/6494932f10d97a8d81da5667/658f8188c8aeaef179f71a76_IMG_9042.jpg]
[assets-global.website-files.com/6494932f10d97a8d81da5667/658f8185129400a37b172a7a_IMG_9182.jpg]
[assets-global.website-files.com/6494932f10d97a8d81da5667/658f8187fd93dcb668ae9b0b_IMG_8895.jpg]
[assets-global.website-files.com/6494932f10d97a8d81da5667/6590650c92ad33f5fb277bf1_IMG_9266.jpg]
[assets-global.website-files.com/6494932f10d97a8d81da5667/65906567287fd8f87ea8f2a0_IMG_5453.jpg]
[assets-global.website-files.com/6494932f10d97a8d81da5667/6590650cf83536b7724bae7f_IMG_5422.jpg]
[assets-global.website-files.com/6494932f10d97a8d81da5667/6590650c68d7f0c76579da77_IMG_5419.jpg]
[assets-global.website-files.com/6494932f10d97a8d81da5667/659065679c7dcad41bf3c4c1_IMG_5454.jpg]
[assets-global.website-files.com/6494932f10d97a8d81da5667/658f8189c8aeaef179f71af4_IMG_5418.jpg]
[assets-global.website-files.com/6494932f10d97a8d81da5667/658f8185debd81131fe59565_IMG_9405.jpg]
[assets-global.website-files.com/6494932f10d97a8d81da5667/6590650c68d7f0c76579dacd_IMG_5416.jpg]
[assets-global.website-files.com/6494932f10d97a8d81da5667/658f8186bd1ee40221f6f6b9_IMG_9049.jpg]
[assets-global.website-files.com/6494932f10d97a8d81da5667/6590650ad6e1237ac22426cf_IMG_5425.jpg]
[assets-global.website-files.com/6494932f10d97a8d81da5667/65906510907680bdcfdabd93_IMG_5417.jpg]
[assets-global.website-files.com/6494932f10d97a8d81da5667/6590650af83536b7724bacab_IMG_5420.jpg]
[assets-global.website-files.com/6494932f10d97a8d81da5667/6590650af83536b7724bacf1_IMG_9267.jpg]
[assets-global.website-files.com/6494932f10d97a8d81da5667/6590656786daa169187a92b2_IMG_5452.jpg]
[assets-global.website-files.com/6494932f10d97a8d81da5667/658f81877f2c217309b8031b_IMG_8924.jpg]
[www.antattoo.net/artists/hyunjoo-cho.html]
[www.antattoo.net/artists/_https_/assets-global.website-files.com/6494932f10d97a8d81da5667/64a3b123b6e5e826ff82c6ef_649e12378147432a7d6b9130_New An Tattoo Pic-0164.ec.delayed]
[www.antattoo.net/artists/_https_/assets-global.website-files.com/6494932f10d97a8d81da5667/64b783d67810eb4f162a68db_ANTATTOO re render -00072.jpg_]
[assets-global.website-files.com/6494932f10d97a8d81da5667/64992837d09543ccb0833f0c_002 (4).jpg]
[assets-global.website-files.com/6494932f10d97a8d81da5667/6499282e63eba521d247305b_1646712569652-1.jpg]
[assets-global.website-files.com/6494932f10d97a8d81da5667/64992836523edc1b8883cb66_014.jpg]
[assets-global.website-files.com/6494932f10d97a8d81da5667/6499282f06c0b4aba05dbd99_DSC_0007.jpg]
[assets-global.website-files.com/6494932f10d97a8d81da5667/6499282ed09543ccb083031d_1646721654436-6.jpg]
[assets-global.website-files.com/6494932f10d97a8d81da5667/6499283798f9af1e8fed1e4f_002.jpg]
[assets-global.website-files.com/6494932f10d97a8d81da5667/6499282fd09543ccb08303a5_003 (8).jpg]
[assets-global.website-files.com/6494932f10d97a8d81da5667/64992835a04fe1272e8b2c65_004 (2).jpg]
[assets-global.website-files.com/6494932f10d97a8d81da5667/64992836f2f721d00d17d6b1_004 (3).jpg]
[assets-global.website-files.com/6494932f10d97a8d81da5667/64992835cb184bafc786b685_005 (2).jpg]
[assets-global.website-files.com/6494932f10d97a8d81da5667/6499283519dfafab24b254c3_006 (4).jpg]
[assets-global.website-files.com/6494932f10d97a8d81da5667/64992835b73977d9d78f0a07_007 (3).jpg]
[assets-global.website-files.com/6494932f10d97a8d81da5667/65bc1694d34a9c7baac9d9b9_20191020_170854.jpg]
[assets-global.website-files.com/6494932f10d97a8d81da5667/65bc1af61b23191d9e377c3d_20191114_135532.jpg]
[assets-global.website-files.com/6494932f10d97a8d81da5667/65bc169402846fcde405f273_20191114_135557.jpg]
[assets-global.website-files.com/6494932f10d97a8d81da5667/65bc16942ce75f5cabf3fc95_20191114_135545.jpg]
[assets-global.website-files.com/6494932f10d97a8d81da5667/65bc16945bbe94be5e72edef_20200105_121949.jpg]
[assets-global.website-files.com/6494932f10d97a8d81da5667/65bc1693438753ca8e26134d_20200105_122404.jpg]
[assets-global.website-files.com/6494932f10d97a8d81da5667/65bc16938352e926ad20a03d_20200523_164702.jpg]
[assets-global.website-files.com/6494932f10d97a8d81da5667/65bc16937af93ca979296503_20200627_163202.jpg]
[assets-global.website-files.com/6494932f10d97a8d81da5667/6499283000a8f18688369e9c_20200903_195947.jpg]
[assets-global.website-files.com/6494932f10d97a8d81da5667/65bc1693b5205be60cc130c1_20200910_082348.jpg]
[assets-global.website-files.com/6494932f10d97a8d81da5667/6499282fd23ecd71ba48801b_20200903_195908.jpg]
[assets-global.website-files.com/6494932f10d97a8d81da5667/65bc1693d5134bfb0c7e9287_20200910_082412.jpg]
[assets-global.website-files.com/6494932f10d97a8d81da5667/65bc169393b4bd95049520af_20200927_160944.jpg]
[assets-global.website-files.com/6494932f10d97a8d81da5667/64992858d7be9d2018d30c32_DSC_0027.jpg]
[assets-global.website-files.com/6494932f10d97a8d81da5667/64992857873377debe3f9fde_DSC_0054.jpg]
[assets-global.website-files.com/6494932f10d97a8d81da5667/6499285166842dea060e7e1e_DSC_0256.jpg]
[assets-global.website-files.com/6494932f10d97a8d81da5667/649928587b03a0ad63a2b45a_DSC_0516.jpg]
[assets-global.website-files.com/6494932f10d97a8d81da5667/64992858cf2a6385a48e8718_DSC_2334.jpg]
[assets-global.website-files.com/6494932f10d97a8d81da5667/6499285737558efafb318749_DSC_2492.jpg]
[assets-global.website-files.com/6494932f10d97a8d81da5667/6499285697744c83c051d574_DSC_2664.jpg]
[assets-global.website-files.com/6494932f10d97a8d81da5667/64992855476dbc5bfec018c3_DSC_2706.jpg]
[assets-global.website-files.com/6494932f10d97a8d81da5667/6499285663eba521d248931e_DSC_2812.jpg]
[assets-global.website-files.com/6494932f10d97a8d81da5667/6499285597744c83c051d4d3_DSC_2835.jpg]
[assets-global.website-files.com/6494932f10d97a8d81da5667/64992855b80181b9013f3a15_DSC_2877.jpg]
[assets-global.website-files.com/6494932f10d97a8d81da5667/649928567c6958261e62503f_DSC_2960.jpg]
[assets-global.website-files.com/6494932f10d97a8d81da5667/64992855eb19bfb69deffc9d_DSC_2986.jpg]
[assets-global.website-files.com/6494932f10d97a8d81da5667/64992852523edc1b8884be84_DSC_3100 (2).jpg]
[assets-global.website-files.com/6494932f10d97a8d81da5667/64992851476dbc5bfec01794_DSC_3144.jpg]
[assets-global.website-files.com/6494932f10d97a8d81da5667/64992852f2f721d00d187842_DSC_3272.jpg]
[assets-global.website-files.com/6494932f10d97a8d81da5667/6499285137558efafb316051_DSC_3331.jpg]
[assets-global.website-files.com/6494932f10d97a8d81da5667/6499284fd23ecd71ba48e990_FB_IMG_1553586821054.jpg]
[assets-global.website-files.com/6494932f10d97a8d81da5667/6499284f98f9af1e8fedb6d4_FB_IMG_1553586910044.jpg]
[assets-global.website-files.com/6494932f10d97a8d81da5667/6499284fa79111b462d01af8_FB_IMG_1553586929595.jpg]
[assets-global.website-files.com/6494932f10d97a8d81da5667/6499284f17f13cad5659d559_IMG_20190519_115145_325.jpg]
[assets-global.website-files.com/6494932f10d97a8d81da5667/6499285161bff6f60fc9d0a8_IMG_20200616_143058_594.jpg]
[assets-global.website-files.com/6494932f10d97a8d81da5667/649928519ae4d626c1eabbcf_IMG_20200812_141643_933.jpg]
[assets-global.website-files.com/6494932f10d97a8d81da5667/64a3a86e0b781c5fd2c11da6_SE-733e7029-1121-4dbe-aad7-ffa5c61ad9c5.jpg]
[assets-global.website-files.com/6494932f10d97a8d81da5667/6499285816e66070066a61bc_DSC_0026.jpg]
[assets-global.website-files.com/6494932f10d97a8d81da5667/64992864cb184bafc7898e1c_IMG_20201018_124323_712.jpg]
[assets-global.website-files.com/6494932f10d97a8d81da5667/6499286500a8f1868838f065_IMG_20201018_124323_713.jpg]
[assets-global.website-files.com/6494932f10d97a8d81da5667/649928671b1c8ad365a0219e_IMG_20210628_105617_635.jpg]
[assets-global.website-files.com/6494932f10d97a8d81da5667/649928652c6b5f5452791465_IMG_20210830_110456_308.jpg]
[assets-global.website-files.com/6494932f10d97a8d81da5667/64992863a04fe1272e8b43f4_IMG_20211006_112213_070.jpg]
[assets-global.website-files.com/6494932f10d97a8d81da5667/64992863b80181b9013f41b5_IMG_20211027_111339_972.jpg]
[assets-global.website-files.com/6494932f10d97a8d81da5667/64992864d09543ccb0843c0d_IMG_20220602_131257_898.jpg]
[assets-global.website-files.com/6494932f10d97a8d81da5667/64992863d09543ccb0843bfc_IMG_20220701_121305_707.jpg]
[assets-global.website-files.com/6494932f10d97a8d81da5667/6499286347b733f8679e484e_koi backpiece.jpg]
[assets-global.website-files.com/6494932f10d97a8d81da5667/6499286336ee1fb6f75cc297_received_597008694170268.jpg]
[assets-global.website-files.com/6494932f10d97a8d81da5667/64992863039d19fef383395c_received_701064850391907.jpg]
[assets-global.website-files.com/6494932f10d97a8d81da5667/6499286337558efafb31b0ea_received_2938911712804904.jpg]
[assets-global.website-files.com/6494932f10d97a8d81da5667/649928697b03a0ad63a2fea7_Screen Shot 2019-01-25 at 1.13.49 PM.png]
[assets-global.website-files.com/6494932f10d97a8d81da5667/64992869be624dae8601c83b_Screen Shot 2019-01-25 at 1.14.19 PM.png]
[www.antattoo.net/artists/sunyul-irezumi.html]
[www.antattoo.net/artists/_https_/assets-global.website-files.com/6494932f10d97a8d81da5667/64a3b1b9a64f590530ab65c7_Artboard 1.html]
[www.antattoo.net/artists/_https_/assets-global.website-files.com/6494932f10d97a8d81da5667/64a3ab40697ab4e14b407c56_lin.html]
[www.antattoo.net/artists/_https_/assets-global.website-files.com/6494932f10d97a8d81da5667/64a3ab5aa25bdfc44786c082_antattoo site-6653.html]
[www.antattoo.net/artists/_https_/assets-global.website-files.com/6494932f10d97a8d81da5667/64a3ada3a465ca8971a8ab37_Artboard 1.html]
[www.antattoo.net/artists/_https_/assets-global.website-files.com/6494932f10d97a8d81da5667/64a3adee588349ccc456843e_antattoo site-00038.html]
[www.antattoo.net/artists/_https_/assets-global.website-files.com/6494932f10d97a8d81da5667/64a3aa5e484f798860bbe426_Hyunjoo.html]
[www.antattoo.net/artists/_https_/assets-global.website-files.com/6494932f10d97a8d81da5667/64a3aa510426ec4151f06188_antattoo site-7021.html]
[www.antattoo.net/artists/_https_/assets-global.website-files.com/6494932f10d97a8d81da5667/64a3b123b6e5e826ff82c6ef_649e12378147432a7d6b9130_New An Tattoo Pic-0164.html]
[www.antattoo.net/artists/_https_/assets-global.website-files.com/6494932f10d97a8d81da5667/64b783d67810eb4f162a68db_ANTATTOO re render -00072.html]
